
> freely@0.1.0 build
> next build

 ⚠ Invalid next.config.js options detected: 
 ⚠     Expected object, received boolean at "experimental.serverActions"
 ⚠ See more info here: https://nextjs.org/docs/messages/invalid-next-config
 ⚠ Server Actions are available by default now, `experimental.serverActions` option can be safely removed.
   ▲ Next.js 14.0.4

   Creating an optimized production build ...
 ⚠ Compiled with warnings

./lib/storage/supabase.ts
Attempted import error: 'createSupabaseClient' is not exported from '@/lib/supabase/client' (imported as 'createSupabaseClient').

Import trace for requested module:
./lib/storage/supabase.ts
./lib/storage/factory.ts
./components/workspace/sidebar.tsx
./components/workspace/layout.tsx

./lib/storage/supabase.ts
Attempted import error: 'createSupabaseClient' is not exported from '@/lib/supabase/client' (imported as 'createSupabaseClient').

Import trace for requested module:
./lib/storage/supabase.ts
./lib/storage/factory.ts
./components/workspace/sidebar.tsx
./components/workspace/layout.tsx

   Linting and checking validity of types ...
Failed to compile.

./components/workspace/api-keys-settings.tsx:8:24
Type error: Cannot find module '@/components/ui/select' or its corresponding type declarations.

[0m [90m  6 |[39m [36mimport[39m { [33mLabel[39m } [36mfrom[39m [32m"@/components/ui/label"[39m[0m
[0m [90m  7 |[39m [36mimport[39m { [33mCard[39m[33m,[39m [33mCardContent[39m[33m,[39m [33mCardDescription[39m[33m,[39m [33mCardHeader[39m[33m,[39m [33mCardTitle[39m } [36mfrom[39m [32m"@/components/ui/card"[39m[0m
[0m[31m[1m>[22m[39m[90m  8 |[39m [36mimport[39m { [33mSelect[39m } [36mfrom[39m [32m"@/components/ui/select"[39m[0m
[0m [90m    |[39m                        [31m[1m^[22m[39m[0m
[0m [90m  9 |[39m [36mimport[39m { useToast } [36mfrom[39m [32m"@/hooks/use-toast"[39m[0m
[0m [90m 10 |[39m [36mimport[39m { createClient } [36mfrom[39m [32m"@/lib/supabase/client"[39m[0m
[0m [90m 11 |[39m [36mimport[39m { [33mPlus[39m[33m,[39m [33mTrash2[39m[33m,[39m [33mEye[39m[33m,[39m [33mEyeOff[39m[33m,[39m [33mCheck[39m } [36mfrom[39m [32m"lucide-react"[39m[0m
